========================================================================================
Report      : ERROR
Date        : Fri May 04 15:43:01 CDT 2018
Description : 10.182.180.0: does not match an available interface

Node        : fedora27.lab.local
Process     : Dealer <3467>
Thread      : ddsi2 7f5c3a42e700
Internals   : V6.4.140320OSS/24b1387/24b1387/ddsi2/q_nwif.c/724/0/1525466581.240117162
========================================================================================
Report      : ERROR
Date        : Fri May 04 15:43:01 CDT 2018
Description : No network interface selected

Node        : fedora27.lab.local
Process     : Dealer <3467>
Thread      : ddsi2 7f5c3a42e700
Internals   : V6.4.140320OSS/24b1387/24b1387/ddsi2/q_init.c/412/0/1525466581.240429760
========================================================================================
Report      : ERROR
Date        : Fri May 04 15:43:07 CDT 2018
Description : 10.182.180.0: does not match an available interface

Node        : fedora27.lab.local
Process     : Dealer <3503>
Thread      : ddsi2 7f0b76c54700
Internals   : V6.4.140320OSS/24b1387/24b1387/ddsi2/q_nwif.c/724/0/1525466587.527902921
========================================================================================
Report      : ERROR
Date        : Fri May 04 15:43:07 CDT 2018
Description : No network interface selected

Node        : fedora27.lab.local
Process     : Dealer <3503>
Thread      : ddsi2 7f0b76c54700
Internals   : V6.4.140320OSS/24b1387/24b1387/ddsi2/q_init.c/412/0/1525466587.528980920
========================================================================================
Report      : ERROR
Date        : Fri May 04 22:05:11 CDT 2018
Description : Splice-daemon failed to renew its lease within the configured lease expiry-time (10.000000000). The lease renewal took 22337.935623080 s.
Node        : fedora27.lab.local
Process     : Dealer <4099>
Thread      : OSPL Lease Renew Thread 7f485c747700
Internals   : V6.4.140320OSS/24b1387/24b1387/OpenSplice domain service/spliced.c/153/0/1525489511.374956396
========================================================================================
Report      : ERROR
Date        : Fri May 04 22:05:11 CDT 2018
Description : Durability failed to renew its lease within the configured lease expiry-time (10.000000000). The lease renewal took 22337.952988521 s.
Node        : fedora27.lab.local
Process     : Dealer <4099>
Thread      : leaseThread 7f485c430700
Internals   : V6.4.140320OSS/24b1387/24b1387/Durability Service/d_durability.c/182/0/1525489511.576622298
========================================================================================
Report      : ERROR
Date        : Fri May 04 23:08:49 CDT 2018
Description : Splice-daemon failed to renew its lease within the configured lease expiry-time (10.000000000). The lease renewal took 1769.662791635 s.
Node        : fedora27.lab.local
Process     : Dealer <4099>
Thread      : OSPL Lease Renew Thread 7f485c747700
Internals   : V6.4.140320OSS/24b1387/24b1387/OpenSplice domain service/spliced.c/153/0/1525493329.433850854
========================================================================================
Report      : ERROR
Date        : Fri May 04 23:08:50 CDT 2018
Description : Durability failed to renew its lease within the configured lease expiry-time (10.000000000). The lease renewal took 1769.662757291 s.
Node        : fedora27.lab.local
Process     : Dealer <4099>
Thread      : leaseThread 7f485c430700
Internals   : V6.4.140320OSS/24b1387/24b1387/Durability Service/d_durability.c/182/0/1525493330.384109330
